buildout/intermediates/manifest_merge_blame_file/debug/manifest-merger-blame-debug-report.txt
1<?xml version="1.0" encoding="utf-8"?>
2<manifest xmlns:android="http://schemas.android.com/apk/res/android"
3    xmlns:tools="http://schemas.android.com/tools"
4    package="com.weidi.library" >
5
6    <uses-sdk
7        android:minSdkVersion="19"
7-->UseFragments/weidi_library/AndroidManifest.xml
8        android:targetSdkVersion="28" />
8-->UseFragments/weidi_library/AndroidManifest.xml
9
10    <uses-permission android:name="android.permission.VIBRATE" />
10-->UseFragments/weidi_library/AndroidManifest.xml:6:5-66
10-->UseFragments/weidi_library/AndroidManifest.xml:6:22-63
11
12    <!-- wifi控制和状态权限 -->
13    <uses-permission android:name="android.permission.ACCESS_WIFI_STATE" />
13-->UseFragments/weidi_library/AndroidManifest.xml:9:5-76
13-->UseFragments/weidi_library/AndroidManifest.xml:9:22-73
14    <uses-permission android:name="android.permission.CHANGE_WIFI_STATE" />
14-->UseFragments/weidi_library/AndroidManifest.xml:10:5-76
14-->UseFragments/weidi_library/AndroidManifest.xml:10:22-73
15    <!-- 网络状态改变的权限 -->
16    <uses-permission android:name="android.permission.ACCESS_NETWORK_STATE" />
16-->UseFragments/weidi_library/AndroidManifest.xml:12:5-79
16-->UseFragments/weidi_library/AndroidManifest.xml:12:22-76
17    <uses-permission android:name="android.permission.CHANGE_NETWORK_STATE" />
17-->UseFragments/weidi_library/AndroidManifest.xml:13:5-79
17-->UseFragments/weidi_library/AndroidManifest.xml:13:22-76
18    <!-- 6.0以上打开蓝牙和wifi最好加上定位权限，获取wifi列表要用 -->
19    <uses-permission android:name="android.permission.ACCESS_FINE_LOCATION" />
19-->UseFragments/weidi_library/AndroidManifest.xml:15:5-79
19-->UseFragments/weidi_library/AndroidManifest.xml:15:22-76
20    <!-- 获取IP地址 -->
21    <uses-permission android:name="android.permission.INTERNET" />
21-->UseFragments/weidi_library/AndroidManifest.xml:17:5-66
21-->UseFragments/weidi_library/AndroidManifest.xml:17:22-64
22
23    <!-- android:name="com.weidi.application.WeidiApplication" -->
24    <application
24-->UseFragments/weidi_library/AndroidManifest.xml:20:5-27:19
25        android:allowBackup="true"
25-->UseFragments/weidi_library/AndroidManifest.xml:21:9-35
26        android:label="@string/app_name"
26-->UseFragments/weidi_library/AndroidManifest.xml:22:9-41
27        android:supportsRtl="true" >
27-->UseFragments/weidi_library/AndroidManifest.xml:23:9-35
28
29        <!-- tools:replace="android:appComponentFactory" -->
30
31        <activity android:name="com.weidi.activity.ScanCodeActivity" />
31-->UseFragments/weidi_library/AndroidManifest.xml:26:9-72
31-->UseFragments/weidi_library/AndroidManifest.xml:26:19-69
32    </application>
33
34</manifest>